[debug] [2021-05-29T22:13:22.696Z] ----------------------------------------------------------------------
[debug] [2021-05-29T22:13:22.698Z] Command:       C:\Program Files\nodejs\node.exe C:\Users\atilay\AppData\Roaming\npm\node_modules\firebase-tools\lib\bin\firebase.js deploy
[debug] [2021-05-29T22:13:22.698Z] CLI Version:   9.12.0
[debug] [2021-05-29T22:13:22.698Z] Platform:      win32
[debug] [2021-05-29T22:13:22.698Z] Node Version:  v12.16.1
[debug] [2021-05-29T22:13:22.699Z] Time:          Sun May 30 2021 01:13:22 GMT+0300 (GMT+03:00)
[debug] [2021-05-29T22:13:22.699Z] ----------------------------------------------------------------------
[debug] 
[debug] [2021-05-29T22:13:22.707Z] > command requires scopes: ["email","openid","https://www.googleapis.com/auth/cloudplatformprojects.readonly","https://www.googleapis.com/auth/firebase","https://www.googleapis.com/auth/cloud-platform"]
[debug] [2021-05-29T22:13:22.707Z] > authorizing via signed-in user (atilaymayadag@gmail.com)
[debug] [2021-05-29T22:13:22.707Z] [iam] checking project auth-todo-83419 for permissions ["cloudconfig.configs.get","cloudconfig.configs.update","cloudfunctions.functions.create","cloudfunctions.functions.delete","cloudfunctions.functions.get","cloudfunctions.functions.list","cloudfunctions.functions.update","cloudfunctions.operations.get","datastore.indexes.create","datastore.indexes.delete","datastore.indexes.list","datastore.indexes.update","firebase.projects.get","firebasedatabase.instances.update","firebasehosting.sites.update","firebaserules.releases.create","firebaserules.releases.update","firebaserules.rulesets.create"]
[debug] [2021-05-29T22:13:22.709Z] >>> HTTP REQUEST POST https://cloudresourcemanager.googleapis.com/v1/projects/auth-todo-83419:testIamPermissions  
 {"permissions":["cloudconfig.configs.get","cloudconfig.configs.update","cloudfunctions.functions.create","cloudfunctions.functions.delete","cloudfunctions.functions.get","cloudfunctions.functions.list","cloudfunctions.functions.update","cloudfunctions.operations.get","datastore.indexes.create","datastore.indexes.delete","datastore.indexes.list","datastore.indexes.update","firebase.projects.get","firebasedatabase.instances.update","firebasehosting.sites.update","firebaserules.releases.create","firebaserules.releases.update","firebaserules.rulesets.create"]}
[debug] [2021-05-29T22:13:23.757Z] <<< HTTP RESPONSE 200 {"content-type":"application/json; charset=UTF-8","vary":"X-Origin, Referer, Origin,Accept-Encoding","date":"Sat, 29 May 2021 22:13:23 GMT","server":"ESF","cache-control":"private","x-xss-protection":"0","x-frame-options":"SAMEORIGIN","x-content-type-options":"nosniff","server-timing":"gfet4t7; dur=752","alt-svc":"h3-29=\":443\"; ma=2592000,h3-T051=\":443\"; ma=2592000,h3-Q050=\":443\"; ma=2592000,h3-Q046=\":443\"; ma=2592000,h3-Q043=\":443\"; ma=2592000,quic=\":443\"; ma=2592000; v=\"46,43\"","accept-ranges":"none","transfer-encoding":"chunked"}
[debug] [2021-05-29T22:13:23.758Z] >>> HTTP REQUEST POST https://iam.googleapis.com/v1/projects/auth-todo-83419/serviceAccounts/auth-todo-83419@appspot.gserviceaccount.com:testIamPermissions  
 {"permissions":["iam.serviceAccounts.actAs"]}
[debug] [2021-05-29T22:13:24.734Z] <<< HTTP RESPONSE 200 {"content-type":"application/json; charset=UTF-8","vary":"X-Origin, Referer, Origin,Accept-Encoding","date":"Sat, 29 May 2021 22:13:24 GMT","server":"ESF","cache-control":"private","x-xss-protection":"0","x-frame-options":"SAMEORIGIN","x-content-type-options":"nosniff","alt-svc":"h3-29=\":443\"; ma=2592000,h3-T051=\":443\"; ma=2592000,h3-Q050=\":443\"; ma=2592000,h3-Q046=\":443\"; ma=2592000,h3-Q043=\":443\"; ma=2592000,quic=\":443\"; ma=2592000; v=\"46,43\"","accept-ranges":"none","transfer-encoding":"chunked"}
[debug] [2021-05-29T22:13:24.735Z] > refreshing access token with scopes: []
[debug] [2021-05-29T22:13:24.735Z] >>> HTTP REQUEST POST https://www.googleapis.com/oauth2/v3/token  
 <request body omitted>
[debug] [2021-05-29T22:13:25.013Z] <<< HTTP RESPONSE 200 {"pragma":"no-cache","cache-control":"no-cache, no-store, max-age=0, must-revalidate","date":"Sat, 29 May 2021 22:13:24 GMT","expires":"Mon, 01 Jan 1990 00:00:00 GMT","content-type":"application/json; charset=utf-8","vary":"X-Origin, Referer, Origin,Accept-Encoding","server":"scaffolding on HTTPServer2","x-xss-protection":"0","x-frame-options":"SAMEORIGIN","x-content-type-options":"nosniff","alt-svc":"h3-29=\":443\"; ma=2592000,h3-T051=\":443\"; ma=2592000,h3-Q050=\":443\"; ma=2592000,h3-Q046=\":443\"; ma=2592000,h3-Q043=\":443\"; ma=2592000,quic=\":443\"; ma=2592000; v=\"46,43\"","accept-ranges":"none","transfer-encoding":"chunked"}
[debug] [2021-05-29T22:13:25.022Z] >>> [apiv2][query] GET https://firebase.googleapis.com/v1beta1/projects/auth-todo-83419 [none]
[debug] [2021-05-29T22:13:25.348Z] <<< [apiv2][status] GET https://firebase.googleapis.com/v1beta1/projects/auth-todo-83419 200
[debug] [2021-05-29T22:13:25.349Z] <<< [apiv2][body] GET https://firebase.googleapis.com/v1beta1/projects/auth-todo-83419 {"projectId":"auth-todo-83419","projectNumber":"460624262281","displayName":"auth-todo","name":"projects/auth-todo-83419","resources":{"hostingSite":"auth-todo-83419","realtimeDatabaseInstance":"auth-todo-83419-default-rtdb","storageBucket":"auth-todo-83419.appspot.com","locationId":"us-central"},"state":"ACTIVE"}
[debug] [2021-05-29T22:13:25.349Z] >>> [apiv2][query] GET https://firebase.googleapis.com/v1beta1/projects/auth-todo-83419 [none]
[debug] [2021-05-29T22:13:25.657Z] <<< [apiv2][status] GET https://firebase.googleapis.com/v1beta1/projects/auth-todo-83419 200
[debug] [2021-05-29T22:13:25.658Z] <<< [apiv2][body] GET https://firebase.googleapis.com/v1beta1/projects/auth-todo-83419 {"projectId":"auth-todo-83419","projectNumber":"460624262281","displayName":"auth-todo","name":"projects/auth-todo-83419","resources":{"hostingSite":"auth-todo-83419","realtimeDatabaseInstance":"auth-todo-83419-default-rtdb","storageBucket":"auth-todo-83419.appspot.com","locationId":"us-central"},"state":"ACTIVE"}
[info] 
[info] === Deploying to 'auth-todo-83419'...
[info] 
[info] i  deploying database, storage, firestore, functions, hosting, remoteconfig 
[info] Running command: npm --prefix $Env:RESOURCE_DIR run lint
[info] +  functions: Finished running predeploy script. 
[info] i  database: checking rules syntax... 
[debug] [2021-05-29T22:13:29.113Z] > refreshing access token with scopes: ["email","https://www.googleapis.com/auth/cloud-platform","https://www.googleapis.com/auth/cloudplatformprojects.readonly","https://www.googleapis.com/auth/firebase","openid"]
[debug] [2021-05-29T22:13:29.113Z] >>> HTTP REQUEST POST https://www.googleapis.com/oauth2/v3/token  
 <request body omitted>
[debug] [2021-05-29T22:13:29.374Z] <<< HTTP RESPONSE 200 {"date":"Sat, 29 May 2021 22:13:29 GMT","cache-control":"no-cache, no-store, max-age=0, must-revalidate","pragma":"no-cache","expires":"Mon, 01 Jan 1990 00:00:00 GMT","content-type":"application/json; charset=utf-8","vary":"X-Origin, Referer, Origin,Accept-Encoding","server":"scaffolding on HTTPServer2","x-xss-protection":"0","x-frame-options":"SAMEORIGIN","x-content-type-options":"nosniff","alt-svc":"h3-29=\":443\"; ma=2592000,h3-T051=\":443\"; ma=2592000,h3-Q050=\":443\"; ma=2592000,h3-Q046=\":443\"; ma=2592000,h3-Q043=\":443\"; ma=2592000,quic=\":443\"; ma=2592000; v=\"46,43\"","accept-ranges":"none","transfer-encoding":"chunked"}
[debug] [2021-05-29T22:13:29.383Z] >>> HTTP REQUEST GET https://firebasedatabase.googleapis.com/v1beta/projects/auth-todo-83419/locations/-/instances/auth-todo-83419-default-rtdb  
 
[debug] [2021-05-29T22:13:29.896Z] <<< HTTP RESPONSE 200 {"content-type":"application/json; charset=UTF-8","vary":"X-Origin, Referer, Origin,Accept-Encoding","date":"Sat, 29 May 2021 22:13:29 GMT","server":"ESF","cache-control":"private","x-xss-protection":"0","x-frame-options":"SAMEORIGIN","x-content-type-options":"nosniff","alt-svc":"h3-29=\":443\"; ma=2592000,h3-T051=\":443\"; ma=2592000,h3-Q050=\":443\"; ma=2592000,h3-Q046=\":443\"; ma=2592000,h3-Q043=\":443\"; ma=2592000,quic=\":443\"; ma=2592000; v=\"46,43\"","accept-ranges":"none","transfer-encoding":"chunked"}
[debug] [2021-05-29T22:13:29.898Z] >>> HTTP REQUEST PUT https://auth-todo-83419-default-rtdb.firebaseio.com/.settings/rules.json?dryRun=true  
 {
  /* Visit https://firebase.google.com/docs/database/security to learn more about security rules. */
  "rules": {
    ".read": false,
    ".write": false
  }
}
[debug] [2021-05-29T22:13:30.582Z] <<< HTTP RESPONSE 200 {"server":"nginx","date":"Sat, 29 May 2021 22:13:30 GMT","content-type":"application/json; charset=utf-8","content-length":"15","connection":"keep-alive","access-control-allow-origin":"*","cache-control":"no-cache","strict-transport-security":"max-age=31556926; includeSubDomains; preload"}
[info] +  database: rules syntax for database auth-todo-83419-default-rtdb is valid 
[debug] [2021-05-29T22:13:30.583Z] >>> HTTP REQUEST GET https://appengine.googleapis.com/v1/apps/auth-todo-83419  
 
[debug] [2021-05-29T22:13:31.178Z] <<< HTTP RESPONSE 200 {"content-type":"application/json; charset=UTF-8","vary":"X-Origin, Referer, Origin,Accept-Encoding","date":"Sat, 29 May 2021 22:13:31 GMT","server":"ESF","cache-control":"private","x-xss-protection":"0","x-frame-options":"SAMEORIGIN","x-content-type-options":"nosniff","alt-svc":"h3-29=\":443\"; ma=2592000,h3-T051=\":443\"; ma=2592000,h3-Q050=\":443\"; ma=2592000,h3-Q046=\":443\"; ma=2592000,h3-Q043=\":443\"; ma=2592000,quic=\":443\"; ma=2592000; v=\"46,43\"","accept-ranges":"none","transfer-encoding":"chunked"}
[info] i  firebase.storage: checking storage.rules for compilation errors... 
[debug] [2021-05-29T22:13:31.180Z] >>> HTTP REQUEST POST https://firebaserules.googleapis.com/v1/projects/auth-todo-83419:test  
 {"source":{"files":[{"name":"storage.rules","content":"rules_version = '2';\nservice firebase.storage {\n  match /b/{bucket}/o {\n    match /{allPaths=**} {\n      allow read, write: if request.auth!=null;\n    }\n  }\n}\n"}]}}
[debug] [2021-05-29T22:13:32.104Z] <<< HTTP RESPONSE 200 {"content-type":"application/json; charset=UTF-8","vary":"X-Origin, Referer, Origin,Accept-Encoding","date":"Sat, 29 May 2021 22:13:31 GMT","server":"ESF","cache-control":"private","x-xss-protection":"0","x-frame-options":"SAMEORIGIN","x-content-type-options":"nosniff","alt-svc":"h3-29=\":443\"; ma=2592000,h3-T051=\":443\"; ma=2592000,h3-Q050=\":443\"; ma=2592000,h3-Q046=\":443\"; ma=2592000,h3-Q043=\":443\"; ma=2592000,quic=\":443\"; ma=2592000; v=\"46,43\"","accept-ranges":"none","transfer-encoding":"chunked"}
[info] +  firebase.storage: rules file storage.rules compiled successfully 
[info] i  firestore: reading indexes from firestore.indexes.json... 
[info] i  cloud.firestore: checking firestore.rules for compilation errors... 
[debug] [2021-05-29T22:13:32.107Z] >>> HTTP REQUEST POST https://firebaserules.googleapis.com/v1/projects/auth-todo-83419:test  
 {"source":{"files":[{"name":"firestore.rules","content":"rules_version = '2';\nservice cloud.firestore {\n  match /databases/{database}/documents {\n    match /{document=**} {\n      allow read, write: if false;\n    }\n  }\n}"}]}}
[debug] [2021-05-29T22:13:32.951Z] <<< HTTP RESPONSE 200 {"content-type":"application/json; charset=UTF-8","vary":"X-Origin, Referer, Origin,Accept-Encoding","date":"Sat, 29 May 2021 22:13:32 GMT","server":"ESF","cache-control":"private","x-xss-protection":"0","x-frame-options":"SAMEORIGIN","x-content-type-options":"nosniff","alt-svc":"h3-29=\":443\"; ma=2592000,h3-T051=\":443\"; ma=2592000,h3-Q050=\":443\"; ma=2592000,h3-Q046=\":443\"; ma=2592000,h3-Q043=\":443\"; ma=2592000,quic=\":443\"; ma=2592000; v=\"46,43\"","accept-ranges":"none","transfer-encoding":"chunked"}
[info] +  cloud.firestore: rules file firestore.rules compiled successfully 
[info] i  functions: ensuring required API cloudfunctions.googleapis.com is enabled... 
[info] i  functions: ensuring required API cloudbuild.googleapis.com is enabled... 
[debug] [2021-05-29T22:13:34.371Z] >>> HTTP REQUEST GET https://serviceusage.googleapis.com/v1/projects/auth-todo-83419/services/cloudfunctions.googleapis.com  
 
[debug] [2021-05-29T22:13:34.371Z] >>> HTTP REQUEST GET https://serviceusage.googleapis.com/v1/projects/auth-todo-83419/services/runtimeconfig.googleapis.com  
 
[debug] [2021-05-29T22:13:34.371Z] >>> HTTP REQUEST GET https://serviceusage.googleapis.com/v1/projects/auth-todo-83419/services/cloudbuild.googleapis.com  
 
[debug] [2021-05-29T22:13:35.584Z] <<< HTTP RESPONSE 200 {"content-type":"application/json; charset=UTF-8","vary":"X-Origin, Referer, Origin,Accept-Encoding","date":"Sat, 29 May 2021 22:13:35 GMT","server":"ESF","cache-control":"private","x-xss-protection":"0","x-frame-options":"SAMEORIGIN","x-content-type-options":"nosniff","alt-svc":"h3-29=\":443\"; ma=2592000,h3-T051=\":443\"; ma=2592000,h3-Q050=\":443\"; ma=2592000,h3-Q046=\":443\"; ma=2592000,h3-Q043=\":443\"; ma=2592000,quic=\":443\"; ma=2592000; v=\"46,43\"","accept-ranges":"none","transfer-encoding":"chunked"}
[debug] [2021-05-29T22:13:35.633Z] <<< HTTP RESPONSE 200 {"content-type":"application/json; charset=UTF-8","vary":"X-Origin, Referer, Origin,Accept-Encoding","date":"Sat, 29 May 2021 22:13:35 GMT","server":"ESF","cache-control":"private","x-xss-protection":"0","x-frame-options":"SAMEORIGIN","x-content-type-options":"nosniff","alt-svc":"h3-29=\":443\"; ma=2592000,h3-T051=\":443\"; ma=2592000,h3-Q050=\":443\"; ma=2592000,h3-Q046=\":443\"; ma=2592000,h3-Q043=\":443\"; ma=2592000,quic=\":443\"; ma=2592000; v=\"46,43\"","accept-ranges":"none","transfer-encoding":"chunked"}
[info] +  functions: required API cloudbuild.googleapis.com is enabled 
[debug] [2021-05-29T22:13:35.679Z] <<< HTTP RESPONSE 200 {"content-type":"application/json; charset=UTF-8","vary":"X-Origin, Referer, Origin,Accept-Encoding","date":"Sat, 29 May 2021 22:13:35 GMT","server":"ESF","cache-control":"private","x-xss-protection":"0","x-frame-options":"SAMEORIGIN","x-content-type-options":"nosniff","alt-svc":"h3-29=\":443\"; ma=2592000,h3-T051=\":443\"; ma=2592000,h3-Q050=\":443\"; ma=2592000,h3-Q046=\":443\"; ma=2592000,h3-Q043=\":443\"; ma=2592000,quic=\":443\"; ma=2592000; v=\"46,43\"","accept-ranges":"none","transfer-encoding":"chunked"}
[info] +  functions: required API cloudfunctions.googleapis.com is enabled 
[debug] [2021-05-29T22:13:35.680Z] >>> HTTP REQUEST GET https://firebase.googleapis.com/v1beta1/projects/auth-todo-83419/adminSdkConfig  
 
[debug] [2021-05-29T22:13:36.113Z] <<< HTTP RESPONSE 200 {"content-type":"application/json; charset=UTF-8","vary":"X-Origin, Referer, Origin,Accept-Encoding","date":"Sat, 29 May 2021 22:13:36 GMT","server":"ESF","cache-control":"private","x-xss-protection":"0","x-frame-options":"SAMEORIGIN","x-content-type-options":"nosniff","alt-svc":"h3-29=\":443\"; ma=2592000,h3-T051=\":443\"; ma=2592000,h3-Q050=\":443\"; ma=2592000,h3-Q046=\":443\"; ma=2592000,h3-Q043=\":443\"; ma=2592000,quic=\":443\"; ma=2592000; v=\"46,43\"","accept-ranges":"none","transfer-encoding":"chunked"}
[info] i  functions: preparing functions directory for uploading... 
[debug] [2021-05-29T22:13:36.115Z] >>> HTTP REQUEST GET https://runtimeconfig.googleapis.com/v1beta1/projects/auth-todo-83419/configs  
 
[debug] [2021-05-29T22:13:36.551Z] <<< HTTP RESPONSE 200 {"content-type":"application/json; charset=UTF-8","vary":"X-Origin, Referer, Origin,Accept-Encoding","date":"Sat, 29 May 2021 22:13:36 GMT","server":"ESF","cache-control":"private","x-xss-protection":"0","x-frame-options":"SAMEORIGIN","x-content-type-options":"nosniff","alt-svc":"h3-29=\":443\"; ma=2592000,h3-T051=\":443\"; ma=2592000,h3-Q050=\":443\"; ma=2592000,h3-Q046=\":443\"; ma=2592000,h3-Q043=\":443\"; ma=2592000,quic=\":443\"; ma=2592000; v=\"46,43\"","accept-ranges":"none","transfer-encoding":"chunked"}
[debug] [2021-05-29T22:13:36.552Z] Analyizing backend with strategy parseJSExports
[debug] [2021-05-29T22:13:36.649Z] > [functions] package.json contents: {
  "name": "functions",
  "description": "Cloud Functions for Firebase",
  "scripts": {
    "lint": "eslint .",
    "serve": "firebase emulators:start --only functions",
    "shell": "firebase functions:shell",
    "start": "npm run shell",
    "deploy": "firebase deploy --only functions",
    "logs": "firebase functions:log"
  },
  "engines": {
    "node": "14"
  },
  "main": "index.js",
  "dependencies": {
    "firebase-admin": "^9.8.0",
    "firebase-functions": "^3.14.1"
  },
  "devDependencies": {
    "eslint": "^7.6.0",
    "eslint-config-google": "^0.14.0",
    "firebase-functions-test": "^0.2.0"
  },
  "private": true
}
[debug] [2021-05-29T22:13:36.650Z] >>> HTTP REQUEST GET https://cloudfunctions.googleapis.com/v1/projects/auth-todo-83419/locations/-/functions  
 
[debug] [2021-05-29T22:13:37.445Z] <<< HTTP RESPONSE 200 {"content-type":"application/json; charset=UTF-8","vary":"X-Origin, Referer, Origin,Accept-Encoding","date":"Sat, 29 May 2021 22:13:37 GMT","server":"ESF","cache-control":"private","x-xss-protection":"0","x-frame-options":"SAMEORIGIN","x-content-type-options":"nosniff","alt-svc":"h3-29=\":443\"; ma=2592000,h3-T051=\":443\"; ma=2592000,h3-Q050=\":443\"; ma=2592000,h3-Q046=\":443\"; ma=2592000,h3-Q043=\":443\"; ma=2592000,quic=\":443\"; ma=2592000; v=\"46,43\"","accept-ranges":"none","transfer-encoding":"chunked"}
[debug] [2021-05-29T22:13:37.447Z] >>> HTTP REQUEST POST https://firebasehosting.googleapis.com/v1beta1/sites/auth-todo-83419/versions  
 {"config":{"rewrites":[{"glob":"**","path":"/index.html"}]},"labels":{"deployment-tool":"cli-firebase"}}
[debug] [2021-05-29T22:13:38.981Z] <<< HTTP RESPONSE 200 {"content-type":"application/json; charset=UTF-8","vary":"X-Origin, Referer, Origin,Accept-Encoding","date":"Sat, 29 May 2021 22:13:38 GMT","server":"ESF","cache-control":"private","x-xss-protection":"0","x-frame-options":"SAMEORIGIN","x-content-type-options":"nosniff","alt-svc":"h3-29=\":443\"; ma=2592000,h3-T051=\":443\"; ma=2592000,h3-Q050=\":443\"; ma=2592000,h3-Q046=\":443\"; ma=2592000,h3-Q043=\":443\"; ma=2592000,quic=\":443\"; ma=2592000; v=\"46,43\"","accept-ranges":"none","transfer-encoding":"chunked"}
[debug] [2021-05-29T22:13:38.982Z] > refreshing access token with scopes: []
[debug] [2021-05-29T22:13:38.982Z] >>> HTTP REQUEST POST https://www.googleapis.com/oauth2/v3/token  
 <request body omitted>
[debug] [2021-05-29T22:13:39.237Z] <<< HTTP RESPONSE 200 {"cache-control":"no-cache, no-store, max-age=0, must-revalidate","date":"Sat, 29 May 2021 22:13:39 GMT","expires":"Mon, 01 Jan 1990 00:00:00 GMT","pragma":"no-cache","content-type":"application/json; charset=utf-8","vary":"X-Origin, Referer, Origin,Accept-Encoding","server":"scaffolding on HTTPServer2","x-xss-protection":"0","x-frame-options":"SAMEORIGIN","x-content-type-options":"nosniff","alt-svc":"h3-29=\":443\"; ma=2592000,h3-T051=\":443\"; ma=2592000,h3-Q050=\":443\"; ma=2592000,h3-Q046=\":443\"; ma=2592000,h3-Q043=\":443\"; ma=2592000,quic=\":443\"; ma=2592000; v=\"46,43\"","accept-ranges":"none","transfer-encoding":"chunked"}
[debug] [2021-05-29T22:13:39.256Z] >>> [apiv2][query] GET https://firebase.googleapis.com/v1beta1/projects/auth-todo-83419 [none]
[debug] [2021-05-29T22:13:39.565Z] <<< [apiv2][status] GET https://firebase.googleapis.com/v1beta1/projects/auth-todo-83419 200
[debug] [2021-05-29T22:13:39.565Z] <<< [apiv2][body] GET https://firebase.googleapis.com/v1beta1/projects/auth-todo-83419 {"projectId":"auth-todo-83419","projectNumber":"460624262281","displayName":"auth-todo","name":"projects/auth-todo-83419","resources":{"hostingSite":"auth-todo-83419","realtimeDatabaseInstance":"auth-todo-83419-default-rtdb","storageBucket":"auth-todo-83419.appspot.com","locationId":"us-central"},"state":"ACTIVE"}
[debug] [2021-05-29T22:13:39.565Z] > refreshing access token with scopes: ["email","https://www.googleapis.com/auth/cloud-platform","https://www.googleapis.com/auth/cloudplatformprojects.readonly","https://www.googleapis.com/auth/firebase","openid"]
[debug] [2021-05-29T22:13:39.565Z] >>> HTTP REQUEST POST https://www.googleapis.com/oauth2/v3/token  
 <request body omitted>
[debug] [2021-05-29T22:13:39.803Z] <<< HTTP RESPONSE 200 {"pragma":"no-cache","cache-control":"no-cache, no-store, max-age=0, must-revalidate","expires":"Mon, 01 Jan 1990 00:00:00 GMT","date":"Sat, 29 May 2021 22:13:39 GMT","content-type":"application/json; charset=utf-8","vary":"X-Origin, Referer, Origin,Accept-Encoding","server":"scaffolding on HTTPServer2","x-xss-protection":"0","x-frame-options":"SAMEORIGIN","x-content-type-options":"nosniff","alt-svc":"h3-29=\":443\"; ma=2592000,h3-T051=\":443\"; ma=2592000,h3-Q050=\":443\"; ma=2592000,h3-Q046=\":443\"; ma=2592000,h3-Q043=\":443\"; ma=2592000,quic=\":443\"; ma=2592000; v=\"46,43\"","accept-ranges":"none","transfer-encoding":"chunked"}
[debug] [2021-05-29T22:13:39.879Z] >>> HTTP REQUEST GET https://firebaseremoteconfig.googleapis.com/v1/projects/460624262281/remoteConfig  
 
[debug] [2021-05-29T22:13:40.266Z] <<< HTTP RESPONSE 200 {"etag":"etag-460624262281-0","content-type":"application/json; charset=UTF-8","vary":"Origin, X-Origin, Referer","content-encoding":"gzip","date":"Sat, 29 May 2021 22:13:40 GMT","server":"ESF","cache-control":"private","x-xss-protection":"0","x-frame-options":"SAMEORIGIN","x-content-type-options":"nosniff","alt-svc":"h3-29=\":443\"; ma=2592000,h3-T051=\":443\"; ma=2592000,h3-Q050=\":443\"; ma=2592000,h3-Q046=\":443\"; ma=2592000,h3-Q043=\":443\"; ma=2592000,quic=\":443\"; ma=2592000; v=\"46,43\"","transfer-encoding":"chunked"}
[debug] [2021-05-29T22:13:40.267Z] >>> HTTP REQUEST GET https://firebaserules.googleapis.com/v1/projects/auth-todo-83419/releases?pageSize=10&pageToken=  
 
[debug] [2021-05-29T22:13:41.109Z] <<< HTTP RESPONSE 200 {"content-type":"application/json; charset=UTF-8","vary":"X-Origin, Referer, Origin,Accept-Encoding","date":"Sat, 29 May 2021 22:13:40 GMT","server":"ESF","cache-control":"private","x-xss-protection":"0","x-frame-options":"SAMEORIGIN","x-content-type-options":"nosniff","alt-svc":"h3-29=\":443\"; ma=2592000,h3-T051=\":443\"; ma=2592000,h3-Q050=\":443\"; ma=2592000,h3-Q046=\":443\"; ma=2592000,h3-Q043=\":443\"; ma=2592000,quic=\":443\"; ma=2592000; v=\"46,43\"","accept-ranges":"none","transfer-encoding":"chunked"}
[debug] [2021-05-29T22:13:41.111Z] >>> HTTP REQUEST GET https://firebaserules.googleapis.com/v1/projects/auth-todo-83419/rulesets/9d98eadb-7202-43f9-b039-2f670a06366e  
 
[debug] [2021-05-29T22:13:41.474Z] <<< HTTP RESPONSE 200 {"content-type":"application/json; charset=UTF-8","vary":"X-Origin, Referer, Origin,Accept-Encoding","date":"Sat, 29 May 2021 22:13:41 GMT","server":"ESF","cache-control":"private","x-xss-protection":"0","x-frame-options":"SAMEORIGIN","x-content-type-options":"nosniff","alt-svc":"h3-29=\":443\"; ma=2592000,h3-T051=\":443\"; ma=2592000,h3-Q050=\":443\"; ma=2592000,h3-Q046=\":443\"; ma=2592000,h3-Q043=\":443\"; ma=2592000,quic=\":443\"; ma=2592000; v=\"46,43\"","accept-ranges":"none","transfer-encoding":"chunked"}
[info] i  storage: latest version of storage.rules already up to date, skipping upload... 
[debug] [2021-05-29T22:13:41.476Z] >>> HTTP REQUEST GET https://firebaserules.googleapis.com/v1/projects/auth-todo-83419/releases?pageSize=10&pageToken=  
 
[debug] [2021-05-29T22:13:41.477Z] >>> HTTP REQUEST GET https://firestore.googleapis.com/v1/projects/auth-todo-83419/databases/(default)/collectionGroups/-/indexes  
 
[debug] [2021-05-29T22:13:42.309Z] <<< HTTP RESPONSE 200 {"content-type":"application/json; charset=UTF-8","vary":"X-Origin, Referer, Origin,Accept-Encoding","date":"Sat, 29 May 2021 22:13:42 GMT","server":"ESF","cache-control":"private","x-xss-protection":"0","x-frame-options":"SAMEORIGIN","x-content-type-options":"nosniff","alt-svc":"h3-29=\":443\"; ma=2592000,h3-T051=\":443\"; ma=2592000,h3-Q050=\":443\"; ma=2592000,h3-Q046=\":443\"; ma=2592000,h3-Q043=\":443\"; ma=2592000,quic=\":443\"; ma=2592000; v=\"46,43\"","accept-ranges":"none","transfer-encoding":"chunked"}
[debug] [2021-05-29T22:13:42.309Z] >>> HTTP REQUEST GET https://firebaserules.googleapis.com/v1/projects/auth-todo-83419/rulesets/82cc2a25-12a4-44b3-b5bd-44568b47c179  
 
[debug] [2021-05-29T22:13:42.451Z] <<< HTTP RESPONSE 200 {"content-type":"application/json; charset=UTF-8","vary":"X-Origin, Referer, Origin,Accept-Encoding","date":"Sat, 29 May 2021 22:13:42 GMT","server":"ESF","cache-control":"private","x-xss-protection":"0","x-frame-options":"SAMEORIGIN","x-content-type-options":"nosniff","alt-svc":"h3-29=\":443\"; ma=2592000,h3-T051=\":443\"; ma=2592000,h3-Q050=\":443\"; ma=2592000,h3-Q046=\":443\"; ma=2592000,h3-Q043=\":443\"; ma=2592000,quic=\":443\"; ma=2592000; v=\"46,43\"","accept-ranges":"none","transfer-encoding":"chunked"}
[debug] [2021-05-29T22:13:42.452Z] >>> HTTP REQUEST GET https://firestore.googleapis.com/v1/projects/auth-todo-83419/databases/(default)/collectionGroups/-/fields?filter=indexConfig.usesAncestorConfig=false  
 
[debug] [2021-05-29T22:13:43.145Z] <<< HTTP RESPONSE 200 {"content-type":"application/json; charset=UTF-8","vary":"X-Origin, Referer, Origin,Accept-Encoding","date":"Sat, 29 May 2021 22:13:43 GMT","server":"ESF","cache-control":"private","x-xss-protection":"0","x-frame-options":"SAMEORIGIN","x-content-type-options":"nosniff","alt-svc":"h3-29=\":443\"; ma=2592000,h3-T051=\":443\"; ma=2592000,h3-Q050=\":443\"; ma=2592000,h3-Q046=\":443\"; ma=2592000,h3-Q043=\":443\"; ma=2592000,quic=\":443\"; ma=2592000; v=\"46,43\"","accept-ranges":"none","transfer-encoding":"chunked"}
[info] i  firestore: latest version of firestore.rules already up to date, skipping upload... 
[debug] [2021-05-29T22:13:43.411Z] <<< HTTP RESPONSE 200 {"content-type":"application/json; charset=UTF-8","vary":"X-Origin, Referer, Origin,Accept-Encoding","date":"Sat, 29 May 2021 22:13:43 GMT","server":"ESF","cache-control":"private","x-xss-protection":"0","x-frame-options":"SAMEORIGIN","x-content-type-options":"nosniff","alt-svc":"h3-29=\":443\"; ma=2592000,h3-T051=\":443\"; ma=2592000,h3-Q050=\":443\"; ma=2592000,h3-Q046=\":443\"; ma=2592000,h3-Q043=\":443\"; ma=2592000,quic=\":443\"; ma=2592000; v=\"46,43\"","accept-ranges":"none","transfer-encoding":"chunked"}
[info] +  firestore: deployed indexes in firestore.indexes.json successfully 
[info] i  hosting[auth-todo-83419]: beginning deploy... 
[info] i  hosting[auth-todo-83419]: found 6 files in public 
[debug] [2021-05-29T22:13:43.424Z] > refreshing access token with scopes: []
[debug] [2021-05-29T22:13:43.425Z] >>> HTTP REQUEST POST https://www.googleapis.com/oauth2/v3/token  
 <request body omitted>
[debug] [2021-05-29T22:13:43.426Z] [hosting] hash cache [cHVibGlj] stored for 6 files
[debug] [2021-05-29T22:13:43.426Z] [hosting][hash queue][FINAL] {"max":3,"min":0,"avg":0.5,"active":0,"complete":6,"success":6,"errored":0,"retried":0,"total":6,"elapsed":6}
[debug] [2021-05-29T22:13:43.678Z] <<< HTTP RESPONSE 200 {"expires":"Mon, 01 Jan 1990 00:00:00 GMT","pragma":"no-cache","date":"Sat, 29 May 2021 22:13:43 GMT","cache-control":"no-cache, no-store, max-age=0, must-revalidate","content-type":"application/json; charset=utf-8","vary":"X-Origin, Referer, Origin,Accept-Encoding","server":"scaffolding on HTTPServer2","x-xss-protection":"0","x-frame-options":"SAMEORIGIN","x-content-type-options":"nosniff","alt-svc":"h3-29=\":443\"; ma=2592000,h3-T051=\":443\"; ma=2592000,h3-Q050=\":443\"; ma=2592000,h3-Q046=\":443\"; ma=2592000,h3-Q043=\":443\"; ma=2592000,quic=\":443\"; ma=2592000; v=\"46,43\"","accept-ranges":"none","transfer-encoding":"chunked"}
[debug] [2021-05-29T22:13:43.687Z] >>> [apiv2][query] POST https://firebasehosting.googleapis.com/v1beta1/sites/auth-todo-83419/versions/ab556405e40538d1:populateFiles [none]
[debug] [2021-05-29T22:13:43.687Z] >>> [apiv2][body] POST https://firebasehosting.googleapis.com/v1beta1/sites/auth-todo-83419/versions/ab556405e40538d1:populateFiles {"files":{"/favicon.ico":"eae62e993eb980ec8a25058c39d5a51feab118bd2100c4deebb2a9c158ec11f9","/logo192.png":"3ee59515172ee198f3be375979df15ac5345183e656720a381b8872b2a39dc8b","/logo512.png":"ee7e2f3fdb8209c4b6fd7bef6ba50d1b9dba30a25bb5c3126df057e1cb6f5331","/manifest.json":"aff3449bdc238776f5d6d967f19ec491b36aed5fb7f23ccff6500736fd58494a","/robots.txt":"bfe106a3fb878dc83461c86818bf74fc1bdc7f28538ba613cd3e775516ce8b49","/index.html":"b42c79dd578cc5759e0d4e107f698727fe4027450084ffd6ebc8129dde387a0f"}}
[debug] [2021-05-29T22:13:44.900Z] <<< [apiv2][status] POST https://firebasehosting.googleapis.com/v1beta1/sites/auth-todo-83419/versions/ab556405e40538d1:populateFiles 200
[debug] [2021-05-29T22:13:44.900Z] <<< [apiv2][body] POST https://firebasehosting.googleapis.com/v1beta1/sites/auth-todo-83419/versions/ab556405e40538d1:populateFiles {"uploadRequiredHashes":["b42c79dd578cc5759e0d4e107f698727fe4027450084ffd6ebc8129dde387a0f"],"uploadUrl":"https://upload-firebasehosting.googleapis.com/upload/sites/auth-todo-83419/versions/ab556405e40538d1/files"}
[debug] [2021-05-29T22:13:44.900Z] >>> [apiv2][query] POST https://upload-firebasehosting.googleapis.com/upload/sites/auth-todo-83419/versions/ab556405e40538d1/files/b42c79dd578cc5759e0d4e107f698727fe4027450084ffd6ebc8129dde387a0f [none]
[debug] [2021-05-29T22:13:44.900Z] >>> [apiv2][body] POST https://upload-firebasehosting.googleapis.com/upload/sites/auth-todo-83419/versions/ab556405e40538d1/files/b42c79dd578cc5759e0d4e107f698727fe4027450084ffd6ebc8129dde387a0f [stream]
[debug] [2021-05-29T22:13:44.901Z] [hosting][populate queue][FINAL] {"max":1476,"min":1476,"avg":1476,"active":0,"complete":1,"success":1,"errored":0,"retried":0,"total":1,"elapsed":1477}
[debug] [2021-05-29T22:13:44.901Z] [hosting] uploads queued: 1
[debug] [2021-05-29T22:13:46.458Z] <<< [apiv2][status] POST https://upload-firebasehosting.googleapis.com/upload/sites/auth-todo-83419/versions/ab556405e40538d1/files/b42c79dd578cc5759e0d4e107f698727fe4027450084ffd6ebc8129dde387a0f 200
[debug] [2021-05-29T22:13:46.459Z] <<< [apiv2][body] POST https://upload-firebasehosting.googleapis.com/upload/sites/auth-todo-83419/versions/ab556405e40538d1/files/b42c79dd578cc5759e0d4e107f698727fe4027450084ffd6ebc8129dde387a0f [stream]
[debug] [2021-05-29T22:13:46.459Z] [hosting][upload queue][FINAL] {"max":1559,"min":1559,"avg":1559,"active":0,"complete":1,"success":1,"errored":0,"retried":0,"total":1,"elapsed":1559}
[info] +  hosting[auth-todo-83419]: file upload complete 
[debug] [2021-05-29T22:13:46.460Z] [hosting] deploy completed after 3046ms
[info] i  database: releasing rules... 
[debug] [2021-05-29T22:13:46.463Z] > refreshing access token with scopes: ["email","https://www.googleapis.com/auth/cloud-platform","https://www.googleapis.com/auth/cloudplatformprojects.readonly","https://www.googleapis.com/auth/firebase","openid"]
[debug] [2021-05-29T22:13:46.463Z] >>> HTTP REQUEST POST https://www.googleapis.com/oauth2/v3/token  
 <request body omitted>
[debug] [2021-05-29T22:13:46.723Z] <<< HTTP RESPONSE 200 {"cache-control":"no-cache, no-store, max-age=0, must-revalidate","expires":"Mon, 01 Jan 1990 00:00:00 GMT","date":"Sat, 29 May 2021 22:13:46 GMT","pragma":"no-cache","content-type":"application/json; charset=utf-8","vary":"X-Origin, Referer, Origin,Accept-Encoding","server":"scaffolding on HTTPServer2","x-xss-protection":"0","x-frame-options":"SAMEORIGIN","x-content-type-options":"nosniff","alt-svc":"h3-29=\":443\"; ma=2592000,h3-T051=\":443\"; ma=2592000,h3-Q050=\":443\"; ma=2592000,h3-Q046=\":443\"; ma=2592000,h3-Q043=\":443\"; ma=2592000,quic=\":443\"; ma=2592000; v=\"46,43\"","accept-ranges":"none","transfer-encoding":"chunked"}
[debug] [2021-05-29T22:13:46.733Z] >>> HTTP REQUEST GET https://firebasedatabase.googleapis.com/v1beta/projects/auth-todo-83419/locations/-/instances/auth-todo-83419-default-rtdb  
 
[debug] [2021-05-29T22:13:47.179Z] <<< HTTP RESPONSE 200 {"content-type":"application/json; charset=UTF-8","vary":"X-Origin, Referer, Origin,Accept-Encoding","date":"Sat, 29 May 2021 22:13:47 GMT","server":"ESF","cache-control":"private","x-xss-protection":"0","x-frame-options":"SAMEORIGIN","x-content-type-options":"nosniff","alt-svc":"h3-29=\":443\"; ma=2592000,h3-T051=\":443\"; ma=2592000,h3-Q050=\":443\"; ma=2592000,h3-Q046=\":443\"; ma=2592000,h3-Q043=\":443\"; ma=2592000,quic=\":443\"; ma=2592000; v=\"46,43\"","accept-ranges":"none","transfer-encoding":"chunked"}
[debug] [2021-05-29T22:13:47.180Z] >>> HTTP REQUEST PUT https://auth-todo-83419-default-rtdb.firebaseio.com/.settings/rules.json  
 {
  /* Visit https://firebase.google.com/docs/database/security to learn more about security rules. */
  "rules": {
    ".read": false,
    ".write": false
  }
}
[debug] [2021-05-29T22:13:47.698Z] <<< HTTP RESPONSE 200 {"server":"nginx","date":"Sat, 29 May 2021 22:13:47 GMT","content-type":"application/json; charset=utf-8","content-length":"15","connection":"keep-alive","access-control-allow-origin":"*","cache-control":"no-cache","strict-transport-security":"max-age=31556926; includeSubDomains; preload"}
[info] +  database: rules for database auth-todo-83419-default-rtdb released successfully 
[debug] [2021-05-29T22:13:47.700Z] [rules] releasing firebase.storage/auth-todo-83419.appspot.com with ruleset projects/auth-todo-83419/rulesets/9d98eadb-7202-43f9-b039-2f670a06366e
[debug] [2021-05-29T22:13:47.700Z] >>> HTTP REQUEST PATCH https://firebaserules.googleapis.com/v1/projects/auth-todo-83419/releases/firebase.storage/auth-todo-83419.appspot.com  
 {"release":{"name":"projects/auth-todo-83419/releases/firebase.storage/auth-todo-83419.appspot.com","rulesetName":"projects/auth-todo-83419/rulesets/9d98eadb-7202-43f9-b039-2f670a06366e"}}
[debug] [2021-05-29T22:13:48.729Z] <<< HTTP RESPONSE 200 {"content-type":"application/json; charset=UTF-8","vary":"X-Origin, Referer, Origin,Accept-Encoding","date":"Sat, 29 May 2021 22:13:48 GMT","server":"ESF","cache-control":"private","x-xss-protection":"0","x-frame-options":"SAMEORIGIN","x-content-type-options":"nosniff","alt-svc":"h3-29=\":443\"; ma=2592000,h3-T051=\":443\"; ma=2592000,h3-Q050=\":443\"; ma=2592000,h3-Q046=\":443\"; ma=2592000,h3-Q043=\":443\"; ma=2592000,quic=\":443\"; ma=2592000; v=\"46,43\"","accept-ranges":"none","transfer-encoding":"chunked"}
[debug] [2021-05-29T22:13:48.730Z] [rules] updated release projects/auth-todo-83419/releases/firebase.storage/auth-todo-83419.appspot.com
[info] +  storage: released rules storage.rules to firebase.storage 
[debug] [2021-05-29T22:13:48.731Z] [rules] releasing cloud.firestore with ruleset projects/auth-todo-83419/rulesets/82cc2a25-12a4-44b3-b5bd-44568b47c179
[debug] [2021-05-29T22:13:48.731Z] >>> HTTP REQUEST PATCH https://firebaserules.googleapis.com/v1/projects/auth-todo-83419/releases/cloud.firestore  
 {"release":{"name":"projects/auth-todo-83419/releases/cloud.firestore","rulesetName":"projects/auth-todo-83419/rulesets/82cc2a25-12a4-44b3-b5bd-44568b47c179"}}
[debug] [2021-05-29T22:13:49.725Z] <<< HTTP RESPONSE 200 {"content-type":"application/json; charset=UTF-8","vary":"X-Origin, Referer, Origin,Accept-Encoding","date":"Sat, 29 May 2021 22:13:49 GMT","server":"ESF","cache-control":"private","x-xss-protection":"0","x-frame-options":"SAMEORIGIN","x-content-type-options":"nosniff","alt-svc":"h3-29=\":443\"; ma=2592000,h3-T051=\":443\"; ma=2592000,h3-Q050=\":443\"; ma=2592000,h3-Q046=\":443\"; ma=2592000,h3-Q043=\":443\"; ma=2592000,quic=\":443\"; ma=2592000; v=\"46,43\"","accept-ranges":"none","transfer-encoding":"chunked"}
[debug] [2021-05-29T22:13:49.725Z] [rules] updated release projects/auth-todo-83419/releases/cloud.firestore
[info] +  firestore: released rules firestore.rules to cloud.firestore 
[debug] [2021-05-29T22:13:49.952Z] TypeError: Reduce of empty array with no initial value
    at Array.reduce (<anonymous>)
    at release (C:\Users\atilay\AppData\Roaming\npm\node_modules\firebase-tools\lib\deploy\functions\release.js:47:10)
    at processTicksAndRejections (internal/process/task_queues.js:97:5)
[error] 
[error] Error: An unexpected error has occurred.
